<?xml version="1.0" encoding="UTF-8"?>
<testsuite name="jp.ac.uryukyu.ie.e225719.AppTest" tests="1" skipped="0" failures="0" errors="0" timestamp="2022-11-21T05:54:21" hostname="shiromasatsunoMacBook-Air.local" time="0.006">
  <properties/>
  <testcase name="appHasAGreeting()" classname="jp.ac.uryukyu.ie.e225719.AppTest" time="0.006"/>
  <system-out><![CDATA[]]></system-out>
  <system-err><![CDATA[]]></system-err>
</testsuite>
